<?xml version="1.0" encoding="UTF-8"?>
<testsuite name="ch.fhnw.webec.exercise.ApplicationTests" tests="1" skipped="0" failures="0" errors="0" timestamp="2024-05-26T09:36:48" hostname="DESKTOP-1H65S7L" time="1.389">
  <properties/>
  <testcase name="contextLoads()" classname="ch.fhnw.webec.exercise.ApplicationTests" time="1.389"/>
  <system-out><![CDATA[11:36:25.392 [Test worker] INFO org.springframework.test.context.support.AnnotationConfigContextLoaderUtils -- Could not detect default configuration classes for test class [ch.fhnw.webec.exercise.ApplicationTests]: ApplicationTests does not declare any static, non-private, non-final, nested classes annotated with @Configuration.
11:36:25.645 [Test worker] INFO org.springframework.boot.test.context.SpringBootTestContextBootstrapper -- Found @SpringBootConfiguration ch.fhnw.webec.exercise.Application for test class ch.fhnw.webec.exercise.ApplicationTests

  .   ____          _            __ _ _
 /\\ / ___'_ __ _ _(_)_ __  __ _ \ \ \ \
( ( )\___ | '_ | '_| | '_ \/ _` | \ \ \ \
 \\/  ___)| |_)| | | | | || (_| |  ) ) ) )
  '  |____| .__|_| |_|_| |_\__, | / / / /
 =========|_|==============|___/=/_/_/_/
 :: Spring Boot ::                (v3.2.3)

2024-05-26T11:36:27.085+02:00  INFO 2760 --- [    Test worker] c.fhnw.webec.exercise.ApplicationTests   : Starting ApplicationTests using Java 21.0.1 with PID 2760 (started by tamir in C:\Users\tamir\OneDrive - FHNW\Semester 04_23\webeC\GiggleGallery)
2024-05-26T11:36:27.089+02:00  INFO 2760 --- [    Test worker] c.fhnw.webec.exercise.ApplicationTests   : No active profile set, falling back to 1 default profile: "default"
2024-05-26T11:36:29.959+02:00  INFO 2760 --- [    Test worker] .s.d.r.c.RepositoryConfigurationDelegate : Bootstrapping Spring Data JPA repositories in DEFAULT mode.
2024-05-26T11:36:30.113+02:00  INFO 2760 --- [    Test worker] .s.d.r.c.RepositoryConfigurationDelegate : Finished Spring Data repository scanning in 130 ms. Found 2 JPA repository interfaces.
2024-05-26T11:36:32.484+02:00  INFO 2760 --- [    Test worker] o.hibernate.jpa.internal.util.LogHelper  : HHH000204: Processing PersistenceUnitInfo [name: default]
2024-05-26T11:36:32.715+02:00  INFO 2760 --- [    Test worker] org.hibernate.Version                    : HHH000412: Hibernate ORM core version 6.4.4.Final
2024-05-26T11:36:32.872+02:00  INFO 2760 --- [    Test worker] o.h.c.internal.RegionFactoryInitiator    : HHH000026: Second-level cache disabled
2024-05-26T11:36:33.842+02:00  INFO 2760 --- [    Test worker] o.s.o.j.p.SpringPersistenceUnitInfo      : No LoadTimeWeaver setup: ignoring JPA class transformer
2024-05-26T11:36:33.938+02:00  INFO 2760 --- [    Test worker] com.zaxxer.hikari.HikariDataSource       : HikariPool-1 - Starting...
2024-05-26T11:36:34.327+02:00  INFO 2760 --- [    Test worker] com.zaxxer.hikari.pool.HikariPool        : HikariPool-1 - Added connection conn0: url=jdbc:h2:file:./data/application user=
2024-05-26T11:36:34.333+02:00  INFO 2760 --- [    Test worker] com.zaxxer.hikari.HikariDataSource       : HikariPool-1 - Start completed.
2024-05-26T11:36:39.623+02:00  INFO 2760 --- [    Test worker] o.h.e.t.j.p.i.JtaPlatformInitiator       : HHH000489: No JTA platform available (set 'hibernate.transaction.jta.platform' to enable JTA platform integration)
2024-05-26T11:36:39.974+02:00  INFO 2760 --- [    Test worker] j.LocalContainerEntityManagerFactoryBean : Initialized JPA EntityManagerFactory for persistence unit 'default'
2024-05-26T11:36:43.494+02:00  WARN 2760 --- [    Test worker] JpaBaseConfiguration$JpaWebConfiguration : spring.jpa.open-in-view is enabled by default. Therefore, database queries may be performed during view rendering. Explicitly configure spring.jpa.open-in-view to disable this warning
2024-05-26T11:36:44.145+02:00  INFO 2760 --- [    Test worker] o.s.b.a.w.s.WelcomePageHandlerMapping    : Adding welcome page template: index
2024-05-26T11:36:45.491+02:00  INFO 2760 --- [    Test worker] o.s.s.web.DefaultSecurityFilterChain     : Will secure any request with [org.springframework.security.web.session.DisableEncodeUrlFilter@1fdbba0d, org.springframework.security.web.context.request.async.WebAsyncManagerIntegrationFilter@2ef5df8f, org.springframework.security.web.context.SecurityContextHolderFilter@2c40e456, org.springframework.security.web.header.HeaderWriterFilter@35c69e6b, org.springframework.web.filter.CorsFilter@708f238f, org.springframework.security.web.csrf.CsrfFilter@7fd7965b, org.springframework.security.web.authentication.logout.LogoutFilter@1fcef6f9, org.springframework.security.web.authentication.UsernamePasswordAuthenticationFilter@453de9d0, org.springframework.security.web.savedrequest.RequestCacheAwareFilter@49467fc6, org.springframework.security.web.servletapi.SecurityContextHolderAwareRequestFilter@6f28a07e, org.springframework.security.web.authentication.AnonymousAuthenticationFilter@509d999c, org.springframework.security.web.access.ExceptionTranslationFilter@6ceeb592, org.springframework.security.web.access.intercept.AuthorizationFilter@6b5c4b75]
Hibernate: select u1_0.id,u1_0.age,u1_0.first_name,u1_0.last_name,u1_0.password,u1_0.username from users u1_0 where u1_0.username=?
Hibernate: select a1_0.users_id,a1_0.authorities from users_authorities a1_0 where a1_0.users_id=?
2024-05-26T11:36:48.186+02:00  INFO 2760 --- [    Test worker] c.fhnw.webec.exercise.ApplicationTests   : Started ApplicationTests in 22.039 seconds (process running for 25.693)
]]></system-out>
  <system-err><![CDATA[WARNING: A Java agent has been loaded dynamically (C:\Users\tamir\.gradle\caches\modules-2\files-2.1\net.bytebuddy\byte-buddy-agent\1.14.12\be4984cb6fd1ef1d11f218a648889dfda44b8a15\byte-buddy-agent-1.14.12.jar)
WARNING: If a serviceability tool is in use, please run with -XX:+EnableDynamicAgentLoading to hide this warning
WARNING: If a serviceability tool is not in use, please run with -Djdk.instrument.traceUsage for more information
WARNING: Dynamic loading of agents will be disallowed by default in a future release
]]></system-err>
</testsuite>
