<?xml version="1.0" encoding="UTF-8"?>
<testsuite name="ch.fhnw.webec.exercise.ApplicationTests" tests="1" skipped="0" failures="0" errors="0" timestamp="2024-05-27T22:15:14" hostname="DESKTOP-1H65S7L" time="1.351">
  <properties/>
  <testcase name="contextLoads()" classname="ch.fhnw.webec.exercise.ApplicationTests" time="1.351"/>
  <system-out><![CDATA[00:14:58.071 [Test worker] INFO org.springframework.test.context.support.AnnotationConfigContextLoaderUtils -- Could not detect default configuration classes for test class [ch.fhnw.webec.exercise.ApplicationTests]: ApplicationTests does not declare any static, non-private, non-final, nested classes annotated with @Configuration.
00:14:58.329 [Test worker] INFO org.springframework.boot.test.context.SpringBootTestContextBootstrapper -- Found @SpringBootConfiguration ch.fhnw.webec.exercise.Application for test class ch.fhnw.webec.exercise.ApplicationTests

  .   ____          _            __ _ _
 /\\ / ___'_ __ _ _(_)_ __  __ _ \ \ \ \
( ( )\___ | '_ | '_| | '_ \/ _` | \ \ \ \
 \\/  ___)| |_)| | | | | || (_| |  ) ) ) )
  '  |____| .__|_| |_|_| |_\__, | / / / /
 =========|_|==============|___/=/_/_/_/
 :: Spring Boot ::                (v3.2.3)

2024-05-28T00:14:59.638+02:00  INFO 27132 --- [    Test worker] c.fhnw.webec.exercise.ApplicationTests   : Starting ApplicationTests using Java 21.0.1 with PID 27132 (started by tamir in C:\Users\tamir\OneDrive - FHNW\Semester 04_23\webeC\GiggleGallery)
2024-05-28T00:14:59.641+02:00  INFO 27132 --- [    Test worker] c.fhnw.webec.exercise.ApplicationTests   : No active profile set, falling back to 1 default profile: "default"
2024-05-28T00:15:02.281+02:00  INFO 27132 --- [    Test worker] .s.d.r.c.RepositoryConfigurationDelegate : Bootstrapping Spring Data JPA repositories in DEFAULT mode.
2024-05-28T00:15:02.473+02:00  INFO 27132 --- [    Test worker] .s.d.r.c.RepositoryConfigurationDelegate : Finished Spring Data repository scanning in 156 ms. Found 2 JPA repository interfaces.
2024-05-28T00:15:04.644+02:00  INFO 27132 --- [    Test worker] o.hibernate.jpa.internal.util.LogHelper  : HHH000204: Processing PersistenceUnitInfo [name: default]
2024-05-28T00:15:04.860+02:00  INFO 27132 --- [    Test worker] org.hibernate.Version                    : HHH000412: Hibernate ORM core version 6.4.4.Final
2024-05-28T00:15:04.996+02:00  INFO 27132 --- [    Test worker] o.h.c.internal.RegionFactoryInitiator    : HHH000026: Second-level cache disabled
2024-05-28T00:15:06.153+02:00  INFO 27132 --- [    Test worker] o.s.o.j.p.SpringPersistenceUnitInfo      : No LoadTimeWeaver setup: ignoring JPA class transformer
2024-05-28T00:15:06.242+02:00  INFO 27132 --- [    Test worker] com.zaxxer.hikari.HikariDataSource       : HikariPool-1 - Starting...
2024-05-28T00:15:06.564+02:00  INFO 27132 --- [    Test worker] com.zaxxer.hikari.pool.HikariPool        : HikariPool-1 - Added connection conn0: url=jdbc:h2:file:./data/application user=
2024-05-28T00:15:06.568+02:00  INFO 27132 --- [    Test worker] com.zaxxer.hikari.HikariDataSource       : HikariPool-1 - Start completed.
2024-05-28T00:15:09.934+02:00  INFO 27132 --- [    Test worker] o.h.e.t.j.p.i.JtaPlatformInitiator       : HHH000489: No JTA platform available (set 'hibernate.transaction.jta.platform' to enable JTA platform integration)
2024-05-28T00:15:10.029+02:00  INFO 27132 --- [    Test worker] j.LocalContainerEntityManagerFactoryBean : Initialized JPA EntityManagerFactory for persistence unit 'default'
2024-05-28T00:15:11.396+02:00  WARN 27132 --- [    Test worker] JpaBaseConfiguration$JpaWebConfiguration : spring.jpa.open-in-view is enabled by default. Therefore, database queries may be performed during view rendering. Explicitly configure spring.jpa.open-in-view to disable this warning
2024-05-28T00:15:11.682+02:00  INFO 27132 --- [    Test worker] o.s.b.a.w.s.WelcomePageHandlerMapping    : Adding welcome page template: index
2024-05-28T00:15:12.369+02:00  INFO 27132 --- [    Test worker] o.s.s.web.DefaultSecurityFilterChain     : Will secure any request with [org.springframework.security.web.session.DisableEncodeUrlFilter@7b6558aa, org.springframework.security.web.context.request.async.WebAsyncManagerIntegrationFilter@65cb50dc, org.springframework.security.web.context.SecurityContextHolderFilter@354ff4f6, org.springframework.security.web.header.HeaderWriterFilter@b91e024, org.springframework.web.filter.CorsFilter@7fec6c2f, org.springframework.security.web.csrf.CsrfFilter@6b58a0f9, org.springframework.security.web.authentication.logout.LogoutFilter@311eb725, org.springframework.security.web.authentication.UsernamePasswordAuthenticationFilter@2aadeb31, org.springframework.security.web.savedrequest.RequestCacheAwareFilter@57e35236, org.springframework.security.web.servletapi.SecurityContextHolderAwareRequestFilter@7c9015c6, org.springframework.security.web.authentication.AnonymousAuthenticationFilter@67e12e28, org.springframework.security.web.access.ExceptionTranslationFilter@c9234a0, org.springframework.security.web.access.intercept.AuthorizationFilter@24673720]
Hibernate: select u1_0.id,u1_0.binge_watching_beichte,u1_0.favoritegif,u1_0.guilty_pleasure_playlist,u1_0.password,u1_0.superhelden_spitzname,u1_0.username,u1_0.zeitreise_ziel from users u1_0 where u1_0.username=?
Hibernate: select a1_0.users_id,a1_0.authorities from users_authorities a1_0 where a1_0.users_id=?
2024-05-28T00:15:14.387+02:00  INFO 27132 --- [    Test worker] c.fhnw.webec.exercise.ApplicationTests   : Started ApplicationTests in 15.614 seconds (process running for 18.735)
]]></system-out>
  <system-err><![CDATA[WARNING: A Java agent has been loaded dynamically (C:\Users\tamir\.gradle\caches\modules-2\files-2.1\net.bytebuddy\byte-buddy-agent\1.14.12\be4984cb6fd1ef1d11f218a648889dfda44b8a15\byte-buddy-agent-1.14.12.jar)
WARNING: If a serviceability tool is in use, please run with -XX:+EnableDynamicAgentLoading to hide this warning
WARNING: If a serviceability tool is not in use, please run with -Djdk.instrument.traceUsage for more information
WARNING: Dynamic loading of agents will be disallowed by default in a future release
]]></system-err>
</testsuite>
