<?xml version="1.0" encoding="UTF-8"?>
<testsuite name="ch.fhnw.webec.exercise.ApplicationTests" tests="1" skipped="0" failures="0" errors="0" timestamp="2024-05-27T20:09:13" hostname="DESKTOP-1H65S7L" time="1.248">
  <properties/>
  <testcase name="contextLoads()" classname="ch.fhnw.webec.exercise.ApplicationTests" time="1.248"/>
  <system-out><![CDATA[22:08:59.653 [Test worker] INFO org.springframework.test.context.support.AnnotationConfigContextLoaderUtils -- Could not detect default configuration classes for test class [ch.fhnw.webec.exercise.ApplicationTests]: ApplicationTests does not declare any static, non-private, non-final, nested classes annotated with @Configuration.
22:09:00.058 [Test worker] INFO org.springframework.boot.test.context.SpringBootTestContextBootstrapper -- Found @SpringBootConfiguration ch.fhnw.webec.exercise.Application for test class ch.fhnw.webec.exercise.ApplicationTests

  .   ____          _            __ _ _
 /\\ / ___'_ __ _ _(_)_ __  __ _ \ \ \ \
( ( )\___ | '_ | '_| | '_ \/ _` | \ \ \ \
 \\/  ___)| |_)| | | | | || (_| |  ) ) ) )
  '  |____| .__|_| |_|_| |_\__, | / / / /
 =========|_|==============|___/=/_/_/_/
 :: Spring Boot ::                (v3.2.3)

2024-05-27T22:09:01.489+02:00  INFO 17048 --- [    Test worker] c.fhnw.webec.exercise.ApplicationTests   : Starting ApplicationTests using Java 21.0.1 with PID 17048 (started by tamir in C:\Users\tamir\OneDrive - FHNW\Semester 04_23\webeC\GiggleGallery)
2024-05-27T22:09:01.493+02:00  INFO 17048 --- [    Test worker] c.fhnw.webec.exercise.ApplicationTests   : No active profile set, falling back to 1 default profile: "default"
2024-05-27T22:09:04.055+02:00  INFO 17048 --- [    Test worker] .s.d.r.c.RepositoryConfigurationDelegate : Bootstrapping Spring Data JPA repositories in DEFAULT mode.
2024-05-27T22:09:04.268+02:00  INFO 17048 --- [    Test worker] .s.d.r.c.RepositoryConfigurationDelegate : Finished Spring Data repository scanning in 194 ms. Found 2 JPA repository interfaces.
2024-05-27T22:09:05.654+02:00  INFO 17048 --- [    Test worker] o.hibernate.jpa.internal.util.LogHelper  : HHH000204: Processing PersistenceUnitInfo [name: default]
2024-05-27T22:09:05.854+02:00  INFO 17048 --- [    Test worker] org.hibernate.Version                    : HHH000412: Hibernate ORM core version 6.4.4.Final
2024-05-27T22:09:05.990+02:00  INFO 17048 --- [    Test worker] o.h.c.internal.RegionFactoryInitiator    : HHH000026: Second-level cache disabled
2024-05-27T22:09:06.564+02:00  INFO 17048 --- [    Test worker] o.s.o.j.p.SpringPersistenceUnitInfo      : No LoadTimeWeaver setup: ignoring JPA class transformer
2024-05-27T22:09:06.629+02:00  INFO 17048 --- [    Test worker] com.zaxxer.hikari.HikariDataSource       : HikariPool-1 - Starting...
2024-05-27T22:09:07.294+02:00  INFO 17048 --- [    Test worker] com.zaxxer.hikari.pool.HikariPool        : HikariPool-1 - Added connection conn1: url=jdbc:h2:file:./data/application user=
2024-05-27T22:09:07.299+02:00  INFO 17048 --- [    Test worker] com.zaxxer.hikari.HikariDataSource       : HikariPool-1 - Start completed.
2024-05-27T22:09:09.714+02:00  INFO 17048 --- [    Test worker] o.h.e.t.j.p.i.JtaPlatformInitiator       : HHH000489: No JTA platform available (set 'hibernate.transaction.jta.platform' to enable JTA platform integration)
Hibernate: alter table if exists users add column binge_watching_beichte varchar(255)
Hibernate: alter table if exists users add column favoritegif varchar(255)
Hibernate: alter table if exists users add column guilty_pleasure_playlist varchar(255)
Hibernate: alter table if exists users add column superhelden_spitzname varchar(255)
Hibernate: alter table if exists users add column zeitreise_ziel varchar(255)
2024-05-27T22:09:09.855+02:00  INFO 17048 --- [    Test worker] j.LocalContainerEntityManagerFactoryBean : Initialized JPA EntityManagerFactory for persistence unit 'default'
2024-05-27T22:09:10.951+02:00  WARN 17048 --- [    Test worker] JpaBaseConfiguration$JpaWebConfiguration : spring.jpa.open-in-view is enabled by default. Therefore, database queries may be performed during view rendering. Explicitly configure spring.jpa.open-in-view to disable this warning
2024-05-27T22:09:11.222+02:00  INFO 17048 --- [    Test worker] o.s.b.a.w.s.WelcomePageHandlerMapping    : Adding welcome page template: index
2024-05-27T22:09:11.845+02:00  INFO 17048 --- [    Test worker] o.s.s.web.DefaultSecurityFilterChain     : Will secure any request with [org.springframework.security.web.session.DisableEncodeUrlFilter@17baaf07, org.springframework.security.web.context.request.async.WebAsyncManagerIntegrationFilter@3d5009c0, org.springframework.security.web.context.SecurityContextHolderFilter@4922dc84, org.springframework.security.web.header.HeaderWriterFilter@27381497, org.springframework.web.filter.CorsFilter@7f478529, org.springframework.security.web.csrf.CsrfFilter@381db99e, org.springframework.security.web.authentication.logout.LogoutFilter@38a6ca39, org.springframework.security.web.authentication.UsernamePasswordAuthenticationFilter@67887bf2, org.springframework.security.web.savedrequest.RequestCacheAwareFilter@66790851, org.springframework.security.web.servletapi.SecurityContextHolderAwareRequestFilter@3796ff4, org.springframework.security.web.authentication.AnonymousAuthenticationFilter@45ed58b, org.springframework.security.web.access.ExceptionTranslationFilter@b8e6981, org.springframework.security.web.access.intercept.AuthorizationFilter@4c020e58]
Hibernate: select u1_0.id,u1_0.age,u1_0.binge_watching_beichte,u1_0.favoritegif,u1_0.guilty_pleasure_playlist,u1_0.password,u1_0.superhelden_spitzname,u1_0.username,u1_0.zeitreise_ziel from users u1_0 where u1_0.username=?
Hibernate: select next value for users_seq
Hibernate: insert into users (age,binge_watching_beichte,favoritegif,guilty_pleasure_playlist,password,superhelden_spitzname,username,zeitreise_ziel,id) values (?,?,?,?,?,?,?,?,?)
Hibernate: insert into users_authorities (users_id,authorities) values (?,?)
2024-05-27T22:09:13.687+02:00  INFO 17048 --- [    Test worker] c.fhnw.webec.exercise.ApplicationTests   : Started ApplicationTests in 13.057 seconds (process running for 20.521)
]]></system-out>
  <system-err><![CDATA[WARNING: A Java agent has been loaded dynamically (C:\Users\tamir\.gradle\caches\modules-2\files-2.1\net.bytebuddy\byte-buddy-agent\1.14.12\be4984cb6fd1ef1d11f218a648889dfda44b8a15\byte-buddy-agent-1.14.12.jar)
WARNING: If a serviceability tool is in use, please run with -XX:+EnableDynamicAgentLoading to hide this warning
WARNING: If a serviceability tool is not in use, please run with -Djdk.instrument.traceUsage for more information
WARNING: Dynamic loading of agents will be disallowed by default in a future release
]]></system-err>
</testsuite>
